<?xml version="1.0" encoding="UTF-8"?>
<!-- Generated by org.testng.reporters.JUnitReportReporter -->
<testsuite skipped="0" hostname="Zion" name="facebook.testcases.OpenHomePage" tests="1" failures="0" timestamp="30 Nov 2020 12:15:52 GMT" time="18.871" errors="0">
  <testcase name="openwebsite" time="18.871" classname="facebook.testcases.OpenHomePage"/>
</testsuite> <!-- facebook.testcases.OpenHomePage -->
