<?xml version="1.0" encoding="UTF-8"?>
<!-- Generated by org.testng.reporters.JUnitReportReporter -->
<testsuite skipped="0" hostname="Zion" name="facebook.testcases.successful_loginTestcase" tests="1" failures="0" timestamp="13 Jan 2021 09:29:13 GMT" time="23.742" errors="0">
  <testcase name="TocheckUserloggedinsuccessfully" time="23.742" classname="facebook.testcases.successful_loginTestcase"/>
</testsuite> <!-- facebook.testcases.successful_loginTestcase -->
