<?xml version="1.0" encoding="UTF-8"?>
<!-- Generated by org.testng.reporters.JUnitReportReporter -->
<testsuite skipped="0" hostname="Zion" name="facebook.testcases.successful_loginTestcase" tests="1" failures="0" timestamp="13 Jan 2021 12:14:02 GMT" time="3.259" errors="0">
  <testcase name="TocheckUserloggedinsuccessfully" time="3.259" classname="facebook.testcases.successful_loginTestcase"/>
</testsuite> <!-- facebook.testcases.successful_loginTestcase -->
